<?xml version="1.0" encoding="UTF-8" standalone="yes"?>
<ns2:test-suite start="1665989841621" stop="1665989880264" version="1.5.4" xmlns:ns2="urn:model.allure.qatools.yandex.ru">
    <name>TestSuite1 : EbaySearchFunctionalityTest[propertyfile=Configuration]</name>
    <title>TestSuite1 : EbaySearchFunctionalityTest[propertyfile=Configuration]</title>
    <test-cases>
        <test-case start="1665989847733" stop="1665989864753" status="failed">
            <name>validateAccessProductAfterApplyingFilter</name>
            <failure>
                <message>AssertionError: true expected [true] but found [Validate if the option is selected]</message>
                <stack-trace>java.lang.AssertionError: true expected [true] but found [Validate if the option is selected]
	at org.testng.Assert.fail(Assert.java:96)
	at org.testng.Assert.failNotEquals(Assert.java:776)
	at org.testng.Assert.assertEqualsImpl(Assert.java:137)
	at org.testng.Assert.assertEquals(Assert.java:118)
	at org.testng.Assert.assertEquals(Assert.java:453)
	at com.pages.EbayHomePage.applyFilterAndVerify(EbayHomePage.java:185)
	at com.testCases.validateAccessingProductViaCategory.validateAccessProductAfterApplyingFilter(validateAccessingProductViaCategory.java:62)
	at sun.reflect.NativeMethodAccessorImpl.invoke0(Native Method)
	at sun.reflect.NativeMethodAccessorImpl.invoke(Unknown Source)
	at sun.reflect.DelegatingMethodAccessorImpl.invoke(Unknown Source)
	at java.lang.reflect.Method.invoke(Unknown Source)
	at org.testng.internal.MethodInvocationHelper.invokeMethod(MethodInvocationHelper.java:124)
	at org.testng.internal.Invoker.invokeMethod(Invoker.java:583)
	at org.testng.internal.Invoker.invokeTestMethod(Invoker.java:719)
	at org.testng.internal.Invoker.invokeTestMethods(Invoker.java:989)
	at org.testng.internal.TestMethodWorker.invokeTestMethods(TestMethodWorker.java:125)
	at org.testng.internal.TestMethodWorker.run(TestMethodWorker.java:109)
	at org.testng.TestRunner.privateRun(TestRunner.java:648)
	at org.testng.TestRunner.run(TestRunner.java:505)
	at org.testng.SuiteRunner.runTest(SuiteRunner.java:455)
	at org.testng.SuiteRunner.runSequentially(SuiteRunner.java:450)
	at org.testng.SuiteRunner.privateRun(SuiteRunner.java:415)
	at org.testng.SuiteRunner.run(SuiteRunner.java:364)
	at org.testng.SuiteRunnerWorker.runSuite(SuiteRunnerWorker.java:52)
	at org.testng.SuiteRunnerWorker.run(SuiteRunnerWorker.java:84)
	at org.testng.TestNG.runSuitesSequentially(TestNG.java:1208)
	at org.testng.TestNG.runSuitesLocally(TestNG.java:1137)
	at org.testng.TestNG.runSuites(TestNG.java:1049)
	at org.testng.TestNG.run(TestNG.java:1017)
	at org.testng.remote.AbstractRemoteTestNG.run(AbstractRemoteTestNG.java:115)
	at org.testng.remote.RemoteTestNG.initAndRun(RemoteTestNG.java:251)
	at org.testng.remote.RemoteTestNG.main(RemoteTestNG.java:77)
</stack-trace>
            </failure>
            <steps/>
            <attachments/>
            <labels>
                <label name="testSuite" value="TestSuite1"/>
                <label name="testGroup" value="EbaySearchFunctionalityTest"/>
                <label name="testClass" value="com.testCases.validateAccessingProductViaCategory"/>
                <label name="testMethod" value="validateAccessProductAfterApplyingFilter"/>
                <label name="host" value="madhurim-w10lt"/>
                <label name="thread" value="26380@madhurim-w10lt.main(1)"/>
            </labels>
        </test-case>
        <test-case start="1665989869557" stop="1665989879073" status="passed">
            <name>validateAccessingProductViaSearchBar[Computers/Tablets &amp; Networking,MacBook]</name>
            <steps/>
            <attachments/>
            <labels>
                <label name="testSuite" value="TestSuite1"/>
                <label name="testGroup" value="EbaySearchFunctionalityTest"/>
                <label name="testClass" value="com.testCases.validateAccessingProductViaSearch"/>
                <label name="testMethod" value="validateAccessingProductViaSearchBar"/>
                <label name="host" value="madhurim-w10lt"/>
                <label name="thread" value="26380@madhurim-w10lt.main(1)"/>
            </labels>
        </test-case>
    </test-cases>
    <labels>
        <label name="framework" value="TestNG"/>
        <label name="language" value="JAVA"/>
    </labels>
</ns2:test-suite>
